<?xml version="1.0" encoding="UTF-8"?>
<!-- Generated by org.testng.reporters.JUnitReportReporter -->
<testsuite skipped="0" hostname="home-PC" name="com.testng.TNG.PriorityInTestng" tests="3" failures="0" timestamp="06 Mar 2019 14:23:49 GMT" time="0.017" errors="0">
  <testcase name="test2" time="0.012" classname="com.testng.TNG.PriorityInTestng"/>
  <testcase name="test3" time="0.003" classname="com.testng.TNG.PriorityInTestng"/>
  <testcase name="test1" time="0.002" classname="com.testng.TNG.PriorityInTestng"/>
</testsuite> <!-- com.testng.TNG.PriorityInTestng -->
