<?xml version="1.0" encoding="UTF-8"?>
<!-- Generated by org.testng.reporters.JUnitReportReporter -->
<testsuite skipped="0" hostname="home-PC" name="com.testng.TNG.BasicAnnotations_1" tests="2" failures="0" timestamp="05 Mar 2019 14:04:48 GMT" time="0.008" errors="0">
  <testcase name="test2" time="0.006" classname="com.testng.TNG.BasicAnnotations_1"/>
  <testcase name="test1" time="0.002" classname="com.testng.TNG.BasicAnnotations_1"/>
</testsuite> <!-- com.testng.TNG.BasicAnnotations_1 -->
