<?xml version="1.0" encoding="UTF-8"?>
<!-- Generated by org.testng.reporters.JUnitReportReporter -->
<testsuite skipped="2" hostname="home-PC" name="com.testng.TNG.RetryTest" tests="3" failures="0" timestamp="08 Mar 2019 17:06:09 GMT" time="0.030" errors="0">
  <testcase name="test1" time="0.010" classname="com.testng.TNG.RetryTest">
    <skipped/>
  </testcase> <!-- test1 -->
  <testcase name="test1" time="0.020" classname="com.testng.TNG.RetryTest">
    <skipped/>
  </testcase> <!-- test1 -->
  <testcase name="test1" time="0.000" classname="com.testng.TNG.RetryTest"/>
</testsuite> <!-- com.testng.TNG.RetryTest -->
