<?xml version="1.0" encoding="UTF-8"?>
<!-- Generated by org.testng.reporters.JUnitReportReporter -->
<testsuite skipped="0" hostname="home-PC" name="com.testng.TNG.BasicAnnotations" tests="2" failures="0" timestamp="04 Mar 2019 13:54:17 GMT" time="0.010" errors="0">
  <testcase name="test1" time="0.007" classname="com.testng.TNG.BasicAnnotations"/>
  <testcase name="test2" time="0.003" classname="com.testng.TNG.BasicAnnotations"/>
</testsuite> <!-- com.testng.TNG.BasicAnnotations -->
