<?xml version="1.0" encoding="UTF-8"?>
<!-- Generated by org.testng.reporters.JUnitReportReporter -->
<testsuite skipped="1" hostname="home-PC" name="com.testng.TNG.ListenerTestClass" tests="5" failures="0" timestamp="06 Mar 2019 15:20:15 GMT" time="0.016" errors="0">
  <testcase name="test3" time="0.002" classname="com.testng.TNG.ListenerTestClass"/>
  <testcase name="test2" time="0.000" classname="com.testng.TNG.ListenerTestClass">
    <skipped/>
  </testcase> <!-- test2 -->
  <testcase name="test1" time="0.010" classname="com.testng.TNG.ListenerTestClass"/>
  <testcase name="test3" time="0.002" classname="com.testng.TNG.ListenerTestClass"/>
  <testcase name="test3" time="0.002" classname="com.testng.TNG.ListenerTestClass"/>
</testsuite> <!-- com.testng.TNG.ListenerTestClass -->
