<?xml version="1.0" encoding="UTF-8"?>
<!-- Generated by org.testng.reporters.JUnitReportReporter -->
<testsuite skipped="0" hostname="home-PC" name="com.testng.TNG.DataProviderInTestng" tests="5" failures="0" timestamp="05 Mar 2019 14:06:03 GMT" time="0.019" errors="0">
  <testcase name="test1" time="0.002" classname="com.testng.TNG.DataProviderInTestng"/>
  <testcase name="test" time="0.012" classname="com.testng.TNG.DataProviderInTestng"/>
  <testcase name="test1" time="0.002" classname="com.testng.TNG.DataProviderInTestng"/>
  <testcase name="test1" time="0.002" classname="com.testng.TNG.DataProviderInTestng"/>
  <testcase name="test" time="0.001" classname="com.testng.TNG.DataProviderInTestng"/>
</testsuite> <!-- com.testng.TNG.DataProviderInTestng -->
