<?xml version="1.0" encoding="UTF-8"?>
<!-- Generated by org.testng.reporters.JUnitReportReporter -->
<testsuite skipped="0" hostname="home-PC" name="com.testng.TNG.GroupingInTestng" tests="2" failures="0" timestamp="05 Mar 2019 14:30:13 GMT" time="0.016" errors="0">
  <testcase name="test1" time="0.016" classname="com.testng.TNG.GroupingInTestng"/>
  <testcase name="test2" time="0.000" classname="com.testng.TNG.GroupingInTestng"/>
</testsuite> <!-- com.testng.TNG.GroupingInTestng -->
